f:\work\yuan\engineproject\engine\mesh_model_lib_dll\model_dll\model_dll\debug\vc140.pdb
f:\work\yuan\engineproject\engine\mesh_model_lib_dll\model_dll\model_dll\debug\vc140.idb
f:\work\yuan\engineproject\engine\mesh_model_lib_dll\model_dll\model_dll\debug\animation.obj
f:\work\yuan\engineproject\engine\mesh_model_lib_dll\model_dll\model_dll\debug\engine.obj
f:\work\yuan\engineproject\engine\mesh_model_lib_dll\model_dll\model_dll\debug\materials.obj
f:\work\yuan\engineproject\engine\mesh_model_lib_dll\model_dll\model_dll\debug\mesh2.obj
f:\work\yuan\engineproject\engine\mesh_model_lib_dll\model_dll\model_dll\debug\model.obj
f:\work\yuan\engineproject\engine\mesh_model_lib_dll\model_dll\model_dll\debug\raycast.obj
f:\work\yuan\engineproject\engine\mesh_model_lib_dll\model_dll\model_dll\debug\renderpasses.obj
f:\work\yuan\engineproject\engine\mesh_model_lib_dll\model_dll\model_dll\debug\sencemanager.obj
f:\work\yuan\engineproject\engine\mesh_model_lib_dll\model_dll\model_dll\debug\skybox.obj
f:\work\yuan\engineproject\engine\mesh_model_lib_dll\model_dll\model_dll\debug\util.obj
f:\work\yuan\engineproject\engine\es_windows\debug\model_dll.ilk
f:\work\yuan\engineproject\engine\es_windows\debug\model_dll.dll
f:\work\yuan\engineproject\engine\es_windows\debug\model_dll.pdb
f:\work\yuan\engineproject\engine\es_windows\debug\model_dll.lib
f:\work\yuan\engineproject\engine\es_windows\debug\model_dll.exp
f:\work\yuan\engineproject\engine\mesh_model_lib_dll\model_dll\model_dll\debug\model.obj.enc
f:\work\yuan\engineproject\engine\mesh_model_lib_dll\model_dll\model_dll\debug\model_dll.tlog\cl.command.1.tlog
f:\work\yuan\engineproject\engine\mesh_model_lib_dll\model_dll\model_dll\debug\model_dll.tlog\cl.read.1.tlog
f:\work\yuan\engineproject\engine\mesh_model_lib_dll\model_dll\model_dll\debug\model_dll.tlog\cl.write.1.tlog
f:\work\yuan\engineproject\engine\mesh_model_lib_dll\model_dll\model_dll\debug\model_dll.tlog\link.command.1.tlog
f:\work\yuan\engineproject\engine\mesh_model_lib_dll\model_dll\model_dll\debug\model_dll.tlog\link.read.1.tlog
f:\work\yuan\engineproject\engine\mesh_model_lib_dll\model_dll\model_dll\debug\model_dll.tlog\link.write.1.tlog
f:\work\yuan\engineproject\engine\mesh_model_lib_dll\model_dll\model_dll\debug\model_dll.tlog\model_dll.write.1u.tlog
