f:\work\yuan\engineproject\engine\mesh_model_lib_dll\model_dll\model_dll\release\vc140.pdb
f:\work\yuan\engineproject\engine\mesh_model_lib_dll\model_dll\model_dll\release\util.obj
f:\work\yuan\engineproject\engine\mesh_model_lib_dll\model_dll\model_dll\release\skybox.obj
f:\work\yuan\engineproject\engine\mesh_model_lib_dll\model_dll\model_dll\release\sencemanager.obj
f:\work\yuan\engineproject\engine\mesh_model_lib_dll\model_dll\model_dll\release\renderpasses.obj
f:\work\yuan\engineproject\engine\mesh_model_lib_dll\model_dll\model_dll\release\raycast.obj
f:\work\yuan\engineproject\engine\mesh_model_lib_dll\model_dll\model_dll\release\model.obj
f:\work\yuan\engineproject\engine\mesh_model_lib_dll\model_dll\model_dll\release\mesh2.obj
f:\work\yuan\engineproject\engine\mesh_model_lib_dll\model_dll\model_dll\release\materials.obj
f:\work\yuan\engineproject\engine\mesh_model_lib_dll\model_dll\model_dll\release\engine.obj
f:\work\yuan\engineproject\engine\mesh_model_lib_dll\model_dll\model_dll\release\animation.obj
f:\work\yuan\engineproject\engine\es_windows\release\model_dll.dll
f:\work\yuan\engineproject\engine\es_windows\release\model_dll.ipdb
f:\work\yuan\engineproject\engine\es_windows\release\model_dll.iobj
f:\work\yuan\engineproject\engine\es_windows\release\model_dll.pdb
f:\work\yuan\engineproject\engine\es_windows\release\model_dll.lib
f:\work\yuan\engineproject\engine\es_windows\release\model_dll.exp
f:\work\yuan\engineproject\engine\mesh_model_lib_dll\model_dll\model_dll\release\model_dll.tlog\cl.command.1.tlog
f:\work\yuan\engineproject\engine\mesh_model_lib_dll\model_dll\model_dll\release\model_dll.tlog\cl.read.1.tlog
f:\work\yuan\engineproject\engine\mesh_model_lib_dll\model_dll\model_dll\release\model_dll.tlog\cl.write.1.tlog
f:\work\yuan\engineproject\engine\mesh_model_lib_dll\model_dll\model_dll\release\model_dll.tlog\link.command.1.tlog
f:\work\yuan\engineproject\engine\mesh_model_lib_dll\model_dll\model_dll\release\model_dll.tlog\link.read.1.tlog
f:\work\yuan\engineproject\engine\mesh_model_lib_dll\model_dll\model_dll\release\model_dll.tlog\link.write.1.tlog
f:\work\yuan\engineproject\engine\mesh_model_lib_dll\model_dll\model_dll\release\model_dll.tlog\model_dll.write.1u.tlog
