  Animation.cpp
C:\Users\Administrator\Desktop\EngineProject0709 - 副本 (2)\EngineProject0613\engine\mesh_model_lib_dll\model_dll\model_dll\Animation.h(85,42): warning C4244:  “=”: 从“float”转换到“int”，可能丢失数据
C:\Users\Administrator\Desktop\EngineProject0709 - 副本 (2)\EngineProject0613\engine\mesh_model_lib_dll\model_dll\model_dll\Animation.h(96,43): warning C4244:  “=”: 从“float”转换到“int”，可能丢失数据
C:\Users\Administrator\Desktop\EngineProject0709 - 副本 (2)\EngineProject0613\engine\mesh_model_lib_dll\model_dll\model_dll\Animation.h(167,21): warning C4018:  “<”: 有符号/无符号不匹配
C:\Users\Administrator\Desktop\EngineProject0709 - 副本 (2)\EngineProject0613\engine\mesh_model_lib_dll\model_dll\model_dll\Animation.h(240,42): warning C4244:  “=”: 从“float”转换到“int”，可能丢失数据
  Engine.cpp
C:\Users\Administrator\Desktop\EngineProject0709 - 副本 (2)\EngineProject0613\engine\mesh_model_lib_dll\model_dll\model_dll\Animation.h(251,43): warning C4244:  “=”: 从“float”转换到“int”，可能丢失数据
C:\Users\Administrator\Desktop\EngineProject0709 - 副本 (2)\EngineProject0613\engine\mesh_model_lib_dll\model_dll\model_dll\shader.h(201,18): warning C4018:  “<”: 有符号/无符号不匹配
C:\Users\Administrator\Desktop\EngineProject0709 - 副本 (2)\EngineProject0613\engine\mesh_model_lib_dll\model_dll\model_dll\shader.h(211,18): warning C4018:  “<”: 有符号/无符号不匹配
C:\Users\Administrator\Desktop\EngineProject0709 - 副本 (2)\EngineProject0613\engine\mesh_model_lib_dll\model_dll\model_dll\Msg.h(9,20): warning C4244:  “=”: 从“double”转换到“T”，可能丢失数据
C:\Users\Administrator\Desktop\EngineProject0709 - 副本 (2)\EngineProject0613\engine\mesh_model_lib_dll\model_dll\model_dll\Msg.h(9,20): warning C4244:         with
C:\Users\Administrator\Desktop\EngineProject0709 - 副本 (2)\EngineProject0613\engine\mesh_model_lib_dll\model_dll\model_dll\Msg.h(9,20): warning C4244:         [
C:\Users\Administrator\Desktop\EngineProject0709 - 副本 (2)\EngineProject0613\engine\mesh_model_lib_dll\model_dll\model_dll\Msg.h(9,20): warning C4244:             T=float
C:\Users\Administrator\Desktop\EngineProject0709 - 副本 (2)\EngineProject0613\engine\mesh_model_lib_dll\model_dll\model_dll\Msg.h(9,20): warning C4244:         ]
C:\Users\Administrator\Desktop\EngineProject0709 - 副本 (2)\EngineProject0613\engine\mesh_model_lib_dll\model_dll\model_dll\Msg.h(10,19): warning C4244:  “=”: 从“double”转换到“T”，可能丢失数据
C:\Users\Administrator\Desktop\EngineProject0709 - 副本 (2)\EngineProject0613\engine\mesh_model_lib_dll\model_dll\model_dll\Msg.h(10,19): warning C4244:         with
C:\Users\Administrator\Desktop\EngineProject0709 - 副本 (2)\EngineProject0613\engine\mesh_model_lib_dll\model_dll\model_dll\Msg.h(10,19): warning C4244:         [
C:\Users\Administrator\Desktop\EngineProject0709 - 副本 (2)\EngineProject0613\engine\mesh_model_lib_dll\model_dll\model_dll\Msg.h(10,19): warning C4244:             T=float
C:\Users\Administrator\Desktop\EngineProject0709 - 副本 (2)\EngineProject0613\engine\mesh_model_lib_dll\model_dll\model_dll\Msg.h(10,19): warning C4244:         ]
C:\Users\Administrator\Desktop\EngineProject0709 - 副本 (2)\EngineProject0613\engine\mesh_model_lib_dll\model_dll\model_dll\Engine.h(49,44): warning C4251:  “Engine::m_mouseclickmsg”: class“std::shared_ptr<MouseClickMsg>”需要有 dll 接口由 class“Engine”的客户端使用
C:\Users\Administrator\Desktop\EngineProject0709 - 副本 (2)\EngineProject0613\engine\mesh_model_lib_dll\model_dll\model_dll\Engine.h(14): message :  参见“std::shared_ptr<MouseClickMsg>”的声明
C:\Users\Administrator\Desktop\EngineProject0709 - 副本 (2)\EngineProject0613\engine\mesh_model_lib_dll\model_dll\model_dll\Engine.h(50,32): warning C4251:  “Engine::mouseclickmsg_list”: class“std::list<void *,std::allocator<_Ty>>”需要有 dll 接口由 class“Engine”的客户端使用
C:\Users\Administrator\Desktop\EngineProject0709 - 副本 (2)\EngineProject0613\engine\mesh_model_lib_dll\model_dll\model_dll\Engine.h(50,32): warning C4251:         with
C:\Users\Administrator\Desktop\EngineProject0709 - 副本 (2)\EngineProject0613\engine\mesh_model_lib_dll\model_dll\model_dll\Engine.h(50,32): warning C4251:         [
C:\Users\Administrator\Desktop\EngineProject0709 - 副本 (2)\EngineProject0613\engine\mesh_model_lib_dll\model_dll\model_dll\Engine.h(50,32): warning C4251:             _Ty=void *
C:\Users\Administrator\Desktop\EngineProject0709 - 副本 (2)\EngineProject0613\engine\mesh_model_lib_dll\model_dll\model_dll\Engine.h(50,32): warning C4251:         ]
C:\Users\Administrator\Desktop\EngineProject0709 - 副本 (2)\EngineProject0613\engine\mesh_model_lib_dll\model_dll\model_dll\Engine.h(50): message :  参见“std::list<void *,std::allocator<_Ty>>”的声明
C:\Users\Administrator\Desktop\EngineProject0709 - 副本 (2)\EngineProject0613\engine\mesh_model_lib_dll\model_dll\model_dll\Engine.h(50): message :         with
C:\Users\Administrator\Desktop\EngineProject0709 - 副本 (2)\EngineProject0613\engine\mesh_model_lib_dll\model_dll\model_dll\Engine.h(50): message :         [
C:\Users\Administrator\Desktop\EngineProject0709 - 副本 (2)\EngineProject0613\engine\mesh_model_lib_dll\model_dll\model_dll\Engine.h(50): message :             _Ty=void *
C:\Users\Administrator\Desktop\EngineProject0709 - 副本 (2)\EngineProject0613\engine\mesh_model_lib_dll\model_dll\model_dll\Engine.h(50): message :         ]
C:\Users\Administrator\Desktop\EngineProject0709 - 副本 (2)\EngineProject0613\engine\mesh_model_lib_dll\model_dll\model_dll\Engine.h(55,41): warning C4251:  “Engine::m_Mouse_CallBacks”: class“std::list<std::function<void (std::shared_ptr<MouseClickMsg>)>,std::allocator<_Ty>>”需要有 dll 接口由 class“Engine”的客户端使用
C:\Users\Administrator\Desktop\EngineProject0709 - 副本 (2)\EngineProject0613\engine\mesh_model_lib_dll\model_dll\model_dll\Engine.h(55,41): warning C4251:         with
C:\Users\Administrator\Desktop\EngineProject0709 - 副本 (2)\EngineProject0613\engine\mesh_model_lib_dll\model_dll\model_dll\Engine.h(55,41): warning C4251:         [
C:\Users\Administrator\Desktop\EngineProject0709 - 副本 (2)\EngineProject0613\engine\mesh_model_lib_dll\model_dll\model_dll\Engine.h(55,41): warning C4251:             _Ty=std::function<void (std::shared_ptr<MouseClickMsg>)>
C:\Users\Administrator\Desktop\EngineProject0709 - 副本 (2)\EngineProject0613\engine\mesh_model_lib_dll\model_dll\model_dll\Engine.h(55,41): warning C4251:         ]
C:\Users\Administrator\Desktop\EngineProject0709 - 副本 (2)\EngineProject0613\engine\mesh_model_lib_dll\model_dll\model_dll\Engine.h(44): message :  参见“std::list<std::function<void (std::shared_ptr<MouseClickMsg>)>,std::allocator<_Ty>>”的声明
C:\Users\Administrator\Desktop\EngineProject0709 - 副本 (2)\EngineProject0613\engine\mesh_model_lib_dll\model_dll\model_dll\Engine.h(44): message :         with
C:\Users\Administrator\Desktop\EngineProject0709 - 副本 (2)\EngineProject0613\engine\mesh_model_lib_dll\model_dll\model_dll\Engine.h(44): message :         [
C:\Users\Administrator\Desktop\EngineProject0709 - 副本 (2)\EngineProject0613\engine\mesh_model_lib_dll\model_dll\model_dll\Engine.h(44): message :             _Ty=std::function<void (std::shared_ptr<MouseClickMsg>)>
C:\Users\Administrator\Desktop\EngineProject0709 - 副本 (2)\EngineProject0613\engine\mesh_model_lib_dll\model_dll\model_dll\Engine.h(44): message :         ]
C:\Users\Administrator\Desktop\EngineProject0709 - 副本 (2)\EngineProject0613\engine\mesh_model_lib_dll\model_dll\model_dll\Animation.h(85,42): warning C4244:  “=”: 从“float”转换到“int”，可能丢失数据
C:\Users\Administrator\Desktop\EngineProject0709 - 副本 (2)\EngineProject0613\engine\mesh_model_lib_dll\model_dll\model_dll\Animation.h(96,43): warning C4244:  “=”: 从“float”转换到“int”，可能丢失数据
C:\Users\Administrator\Desktop\EngineProject0709 - 副本 (2)\EngineProject0613\engine\mesh_model_lib_dll\model_dll\model_dll\Animation.h(167,21): warning C4018:  “<”: 有符号/无符号不匹配
C:\Users\Administrator\Desktop\EngineProject0709 - 副本 (2)\EngineProject0613\engine\mesh_model_lib_dll\model_dll\model_dll\Animation.h(240,42): warning C4244:  “=”: 从“float”转换到“int”，可能丢失数据
C:\Users\Administrator\Desktop\EngineProject0709 - 副本 (2)\EngineProject0613\engine\mesh_model_lib_dll\model_dll\model_dll\Animation.h(251,43): warning C4244:  “=”: 从“float”转换到“int”，可能丢失数据
C:\Users\Administrator\Desktop\EngineProject0709 - 副本 (2)\EngineProject0613\engine\mesh_model_lib_dll\model_dll\model_dll\analyse.h(78,22): warning C4018:  “<”: 有符号/无符号不匹配
C:\Users\Administrator\Desktop\EngineProject0709 - 副本 (2)\EngineProject0613\engine\mesh_model_lib_dll\model_dll\model_dll\analyse.h(82,22): warning C4018:  “<”: 有符号/无符号不匹配
C:\Users\Administrator\Desktop\EngineProject0709 - 副本 (2)\EngineProject0613\engine\mesh_model_lib_dll\model_dll\model_dll\camera.h(94,1): warning C4305:  “初始化”: 从“double”到“float”截断
C:\Users\Administrator\Desktop\EngineProject0709 - 副本 (2)\EngineProject0613\engine\mesh_model_lib_dll\model_dll\model_dll\camera.h(125,21): warning C4244:  “初始化”: 从“double”转换到“float”，可能丢失数据
C:\Users\Administrator\Desktop\EngineProject0709 - 副本 (2)\EngineProject0613\engine\mesh_model_lib_dll\model_dll\model_dll\camera.h(136,44): warning C4244:  “=”: 从“double”转换到“float”，可能丢失数据
  Materials.cpp
  mesh2.cpp
C:\Users\Administrator\Desktop\EngineProject0709 - 副本 (2)\EngineProject0613\engine\mesh_model_lib_dll\model_dll\model_dll\camera.h(154,20): warning C4244:  “=”: 从“double”转换到“float”，可能丢失数据
C:\Users\Administrator\Desktop\EngineProject0709 - 副本 (2)\EngineProject0613\engine\mesh_model_lib_dll\model_dll\model_dll\shader.h(201,18): warning C4018:  “<”: 有符号/无符号不匹配
C:\Users\Administrator\Desktop\EngineProject0709 - 副本 (2)\EngineProject0613\engine\mesh_model_lib_dll\model_dll\model_dll\shader.h(211,18): warning C4018:  “<”: 有符号/无符号不匹配
C:\Users\Administrator\Desktop\EngineProject0709 - 副本 (2)\EngineProject0613\engine\mesh_model_lib_dll\model_dll\model_dll\Msg.h(9,20): warning C4244:  “=”: 从“double”转换到“T”，可能丢失数据
C:\Users\Administrator\Desktop\EngineProject0709 - 副本 (2)\EngineProject0613\engine\mesh_model_lib_dll\model_dll\model_dll\Msg.h(9,20): warning C4244:         with
C:\Users\Administrator\Desktop\EngineProject0709 - 副本 (2)\EngineProject0613\engine\mesh_model_lib_dll\model_dll\model_dll\Msg.h(9,20): warning C4244:         [
C:\Users\Administrator\Desktop\EngineProject0709 - 副本 (2)\EngineProject0613\engine\mesh_model_lib_dll\model_dll\model_dll\Msg.h(9,20): warning C4244:             T=float
C:\Users\Administrator\Desktop\EngineProject0709 - 副本 (2)\EngineProject0613\engine\mesh_model_lib_dll\model_dll\model_dll\Msg.h(9,20): warning C4244:         ]
C:\Users\Administrator\Desktop\EngineProject0709 - 副本 (2)\EngineProject0613\engine\mesh_model_lib_dll\model_dll\model_dll\Msg.h(10,19): warning C4244:  “=”: 从“double”转换到“T”，可能丢失数据
C:\Users\Administrator\Desktop\EngineProject0709 - 副本 (2)\EngineProject0613\engine\mesh_model_lib_dll\model_dll\model_dll\Msg.h(10,19): warning C4244:         with
C:\Users\Administrator\Desktop\EngineProject0709 - 副本 (2)\EngineProject0613\engine\mesh_model_lib_dll\model_dll\model_dll\Msg.h(10,19): warning C4244:         [
C:\Users\Administrator\Desktop\EngineProject0709 - 副本 (2)\EngineProject0613\engine\mesh_model_lib_dll\model_dll\model_dll\Msg.h(10,19): warning C4244:             T=float
C:\Users\Administrator\Desktop\EngineProject0709 - 副本 (2)\EngineProject0613\engine\mesh_model_lib_dll\model_dll\model_dll\Msg.h(10,19): warning C4244:         ]
C:\Users\Administrator\Desktop\EngineProject0709 - 副本 (2)\EngineProject0613\engine\mesh_model_lib_dll\model_dll\model_dll\Engine.h(49,44): warning C4251:  “Engine::m_mouseclickmsg”: class“std::shared_ptr<MouseClickMsg>”需要有 dll 接口由 class“Engine”的客户端使用
C:\Users\Administrator\Desktop\EngineProject0709 - 副本 (2)\EngineProject0613\engine\mesh_model_lib_dll\model_dll\model_dll\Engine.h(14): message :  参见“std::shared_ptr<MouseClickMsg>”的声明
C:\Users\Administrator\Desktop\EngineProject0709 - 副本 (2)\EngineProject0613\engine\mesh_model_lib_dll\model_dll\model_dll\Engine.h(50,32): warning C4251:  “Engine::mouseclickmsg_list”: class“std::list<void *,std::allocator<_Ty>>”需要有 dll 接口由 class“Engine”的客户端使用
C:\Users\Administrator\Desktop\EngineProject0709 - 副本 (2)\EngineProject0613\engine\mesh_model_lib_dll\model_dll\model_dll\Engine.h(50,32): warning C4251:         with
C:\Users\Administrator\Desktop\EngineProject0709 - 副本 (2)\EngineProject0613\engine\mesh_model_lib_dll\model_dll\model_dll\Engine.h(50,32): warning C4251:         [
C:\Users\Administrator\Desktop\EngineProject0709 - 副本 (2)\EngineProject0613\engine\mesh_model_lib_dll\model_dll\model_dll\Engine.h(50,32): warning C4251:             _Ty=void *
C:\Users\Administrator\Desktop\EngineProject0709 - 副本 (2)\EngineProject0613\engine\mesh_model_lib_dll\model_dll\model_dll\Engine.h(50,32): warning C4251:         ]
C:\Users\Administrator\Desktop\EngineProject0709 - 副本 (2)\EngineProject0613\engine\mesh_model_lib_dll\model_dll\model_dll\Engine.h(50): message :  参见“std::list<void *,std::allocator<_Ty>>”的声明
C:\Users\Administrator\Desktop\EngineProject0709 - 副本 (2)\EngineProject0613\engine\mesh_model_lib_dll\model_dll\model_dll\Engine.h(50): message :         with
C:\Users\Administrator\Desktop\EngineProject0709 - 副本 (2)\EngineProject0613\engine\mesh_model_lib_dll\model_dll\model_dll\Engine.h(50): message :         [
C:\Users\Administrator\Desktop\EngineProject0709 - 副本 (2)\EngineProject0613\engine\mesh_model_lib_dll\model_dll\model_dll\Engine.h(50): message :             _Ty=void *
C:\Users\Administrator\Desktop\EngineProject0709 - 副本 (2)\EngineProject0613\engine\mesh_model_lib_dll\model_dll\model_dll\Engine.h(50): message :         ]
C:\Users\Administrator\Desktop\EngineProject0709 - 副本 (2)\EngineProject0613\engine\mesh_model_lib_dll\model_dll\model_dll\Engine.h(55,41): warning C4251:  “Engine::m_Mouse_CallBacks”: class“std::list<std::function<void (std::shared_ptr<MouseClickMsg>)>,std::allocator<_Ty>>”需要有 dll 接口由 class“Engine”的客户端使用
C:\Users\Administrator\Desktop\EngineProject0709 - 副本 (2)\EngineProject0613\engine\mesh_model_lib_dll\model_dll\model_dll\Engine.h(55,41): warning C4251:         with
C:\Users\Administrator\Desktop\EngineProject0709 - 副本 (2)\EngineProject0613\engine\mesh_model_lib_dll\model_dll\model_dll\Engine.h(55,41): warning C4251:         [
C:\Users\Administrator\Desktop\EngineProject0709 - 副本 (2)\EngineProject0613\engine\mesh_model_lib_dll\model_dll\model_dll\Engine.h(55,41): warning C4251:             _Ty=std::function<void (std::shared_ptr<MouseClickMsg>)>
C:\Users\Administrator\Desktop\EngineProject0709 - 副本 (2)\EngineProject0613\engine\mesh_model_lib_dll\model_dll\model_dll\Engine.h(55,41): warning C4251:         ]
C:\Users\Administrator\Desktop\EngineProject0709 - 副本 (2)\EngineProject0613\engine\mesh_model_lib_dll\model_dll\model_dll\Engine.h(44): message :  参见“std::list<std::function<void (std::shared_ptr<MouseClickMsg>)>,std::allocator<_Ty>>”的声明
C:\Users\Administrator\Desktop\EngineProject0709 - 副本 (2)\EngineProject0613\engine\mesh_model_lib_dll\model_dll\model_dll\Engine.h(44): message :         with
C:\Users\Administrator\Desktop\EngineProject0709 - 副本 (2)\EngineProject0613\engine\mesh_model_lib_dll\model_dll\model_dll\Engine.h(44): message :         [
C:\Users\Administrator\Desktop\EngineProject0709 - 副本 (2)\EngineProject0613\engine\mesh_model_lib_dll\model_dll\model_dll\Engine.h(44): message :             _Ty=std::function<void (std::shared_ptr<MouseClickMsg>)>
C:\Users\Administrator\Desktop\EngineProject0709 - 副本 (2)\EngineProject0613\engine\mesh_model_lib_dll\model_dll\model_dll\Engine.h(44): message :         ]
C:\Users\Administrator\Desktop\EngineProject0709 - 副本 (2)\EngineProject0613\engine\mesh_model_lib_dll\model_dll\model_dll\camera.h(94,1): warning C4305:  “初始化”: 从“double”到“float”截断
C:\Users\Administrator\Desktop\EngineProject0709 - 副本 (2)\EngineProject0613\engine\mesh_model_lib_dll\model_dll\model_dll\camera.h(125,21): warning C4244:  “初始化”: 从“double”转换到“float”，可能丢失数据
C:\Users\Administrator\Desktop\EngineProject0709 - 副本 (2)\EngineProject0613\engine\mesh_model_lib_dll\model_dll\model_dll\camera.h(136,44): warning C4244:  “=”: 从“double”转换到“float”，可能丢失数据
C:\Users\Administrator\Desktop\EngineProject0709 - 副本 (2)\EngineProject0613\engine\mesh_model_lib_dll\model_dll\model_dll\camera.h(154,20): warning C4244:  “=”: 从“double”转换到“float”，可能丢失数据
  model.cpp
C:\Users\Administrator\Desktop\EngineProject0709 - 副本 (2)\EngineProject0613\engine\mesh_model_lib_dll\model_dll\model_dll\mesh2.cpp(644,46): warning C4305:  “参数”: 从“double”到“float”截断
C:\Users\Administrator\Desktop\EngineProject0709 - 副本 (2)\EngineProject0613\engine\mesh_model_lib_dll\model_dll\model_dll\Msg.h(9,20): warning C4244:  “=”: 从“double”转换到“T”，可能丢失数据
C:\Users\Administrator\Desktop\EngineProject0709 - 副本 (2)\EngineProject0613\engine\mesh_model_lib_dll\model_dll\model_dll\Msg.h(9,20): warning C4244:         with
C:\Users\Administrator\Desktop\EngineProject0709 - 副本 (2)\EngineProject0613\engine\mesh_model_lib_dll\model_dll\model_dll\Msg.h(9,20): warning C4244:         [
C:\Users\Administrator\Desktop\EngineProject0709 - 副本 (2)\EngineProject0613\engine\mesh_model_lib_dll\model_dll\model_dll\Msg.h(9,20): warning C4244:             T=float
C:\Users\Administrator\Desktop\EngineProject0709 - 副本 (2)\EngineProject0613\engine\mesh_model_lib_dll\model_dll\model_dll\Msg.h(9,20): warning C4244:         ]
C:\Users\Administrator\Desktop\EngineProject0709 - 副本 (2)\EngineProject0613\engine\mesh_model_lib_dll\model_dll\model_dll\Msg.h(10,19): warning C4244:  “=”: 从“double”转换到“T”，可能丢失数据
C:\Users\Administrator\Desktop\EngineProject0709 - 副本 (2)\EngineProject0613\engine\mesh_model_lib_dll\model_dll\model_dll\Msg.h(10,19): warning C4244:         with
C:\Users\Administrator\Desktop\EngineProject0709 - 副本 (2)\EngineProject0613\engine\mesh_model_lib_dll\model_dll\model_dll\Msg.h(10,19): warning C4244:         [
C:\Users\Administrator\Desktop\EngineProject0709 - 副本 (2)\EngineProject0613\engine\mesh_model_lib_dll\model_dll\model_dll\Msg.h(10,19): warning C4244:             T=float
C:\Users\Administrator\Desktop\EngineProject0709 - 副本 (2)\EngineProject0613\engine\mesh_model_lib_dll\model_dll\model_dll\Msg.h(10,19): warning C4244:         ]
C:\Users\Administrator\Desktop\EngineProject0709 - 副本 (2)\EngineProject0613\engine\mesh_model_lib_dll\model_dll\model_dll\Engine.h(49,44): warning C4251:  “Engine::m_mouseclickmsg”: class“std::shared_ptr<MouseClickMsg>”需要有 dll 接口由 class“Engine”的客户端使用
C:\Users\Administrator\Desktop\EngineProject0709 - 副本 (2)\EngineProject0613\engine\mesh_model_lib_dll\model_dll\model_dll\Engine.h(14): message :  参见“std::shared_ptr<MouseClickMsg>”的声明
C:\Users\Administrator\Desktop\EngineProject0709 - 副本 (2)\EngineProject0613\engine\mesh_model_lib_dll\model_dll\model_dll\Engine.h(50,32): warning C4251:  “Engine::mouseclickmsg_list”: class“std::list<void *,std::allocator<_Ty>>”需要有 dll 接口由 class“Engine”的客户端使用
C:\Users\Administrator\Desktop\EngineProject0709 - 副本 (2)\EngineProject0613\engine\mesh_model_lib_dll\model_dll\model_dll\Engine.h(50,32): warning C4251:         with
C:\Users\Administrator\Desktop\EngineProject0709 - 副本 (2)\EngineProject0613\engine\mesh_model_lib_dll\model_dll\model_dll\Engine.h(50,32): warning C4251:         [
C:\Users\Administrator\Desktop\EngineProject0709 - 副本 (2)\EngineProject0613\engine\mesh_model_lib_dll\model_dll\model_dll\Engine.h(50,32): warning C4251:             _Ty=void *
C:\Users\Administrator\Desktop\EngineProject0709 - 副本 (2)\EngineProject0613\engine\mesh_model_lib_dll\model_dll\model_dll\Engine.h(50,32): warning C4251:         ]
C:\Users\Administrator\Desktop\EngineProject0709 - 副本 (2)\EngineProject0613\engine\mesh_model_lib_dll\model_dll\model_dll\Engine.h(50): message :  参见“std::list<void *,std::allocator<_Ty>>”的声明
C:\Users\Administrator\Desktop\EngineProject0709 - 副本 (2)\EngineProject0613\engine\mesh_model_lib_dll\model_dll\model_dll\Engine.h(50): message :         with
C:\Users\Administrator\Desktop\EngineProject0709 - 副本 (2)\EngineProject0613\engine\mesh_model_lib_dll\model_dll\model_dll\Engine.h(50): message :         [
C:\Users\Administrator\Desktop\EngineProject0709 - 副本 (2)\EngineProject0613\engine\mesh_model_lib_dll\model_dll\model_dll\Engine.h(50): message :             _Ty=void *
C:\Users\Administrator\Desktop\EngineProject0709 - 副本 (2)\EngineProject0613\engine\mesh_model_lib_dll\model_dll\model_dll\Engine.h(50): message :         ]
C:\Users\Administrator\Desktop\EngineProject0709 - 副本 (2)\EngineProject0613\engine\mesh_model_lib_dll\model_dll\model_dll\Engine.h(55,41): warning C4251:  “Engine::m_Mouse_CallBacks”: class“std::list<std::function<void (std::shared_ptr<MouseClickMsg>)>,std::allocator<_Ty>>”需要有 dll 接口由 class“Engine”的客户端使用
C:\Users\Administrator\Desktop\EngineProject0709 - 副本 (2)\EngineProject0613\engine\mesh_model_lib_dll\model_dll\model_dll\Engine.h(55,41): warning C4251:         with
C:\Users\Administrator\Desktop\EngineProject0709 - 副本 (2)\EngineProject0613\engine\mesh_model_lib_dll\model_dll\model_dll\Engine.h(55,41): warning C4251:         [
C:\Users\Administrator\Desktop\EngineProject0709 - 副本 (2)\EngineProject0613\engine\mesh_model_lib_dll\model_dll\model_dll\Engine.h(55,41): warning C4251:             _Ty=std::function<void (std::shared_ptr<MouseClickMsg>)>
C:\Users\Administrator\Desktop\EngineProject0709 - 副本 (2)\EngineProject0613\engine\mesh_model_lib_dll\model_dll\model_dll\Engine.h(55,41): warning C4251:         ]
C:\Users\Administrator\Desktop\EngineProject0709 - 副本 (2)\EngineProject0613\engine\mesh_model_lib_dll\model_dll\model_dll\Engine.h(44): message :  参见“std::list<std::function<void (std::shared_ptr<MouseClickMsg>)>,std::allocator<_Ty>>”的声明
C:\Users\Administrator\Desktop\EngineProject0709 - 副本 (2)\EngineProject0613\engine\mesh_model_lib_dll\model_dll\model_dll\Engine.h(44): message :         with
C:\Users\Administrator\Desktop\EngineProject0709 - 副本 (2)\EngineProject0613\engine\mesh_model_lib_dll\model_dll\model_dll\Engine.h(44): message :         [
C:\Users\Administrator\Desktop\EngineProject0709 - 副本 (2)\EngineProject0613\engine\mesh_model_lib_dll\model_dll\model_dll\Engine.h(44): message :             _Ty=std::function<void (std::shared_ptr<MouseClickMsg>)>
C:\Users\Administrator\Desktop\EngineProject0709 - 副本 (2)\EngineProject0613\engine\mesh_model_lib_dll\model_dll\model_dll\Engine.h(44): message :         ]
C:\Users\Administrator\Desktop\EngineProject0709 - 副本 (2)\EngineProject0613\engine\mesh_model_lib_dll\model_dll\model_dll\shader.h(201,18): warning C4018:  “<”: 有符号/无符号不匹配
C:\Users\Administrator\Desktop\EngineProject0709 - 副本 (2)\EngineProject0613\engine\mesh_model_lib_dll\model_dll\model_dll\shader.h(211,18): warning C4018:  “<”: 有符号/无符号不匹配
C:\Users\Administrator\Desktop\EngineProject0709 - 副本 (2)\EngineProject0613\engine\mesh_model_lib_dll\model_dll\model_dll\Animation.h(85,42): warning C4244:  “=”: 从“float”转换到“int”，可能丢失数据
C:\Users\Administrator\Desktop\EngineProject0709 - 副本 (2)\EngineProject0613\engine\mesh_model_lib_dll\model_dll\model_dll\Animation.h(96,43): warning C4244:  “=”: 从“float”转换到“int”，可能丢失数据
C:\Users\Administrator\Desktop\EngineProject0709 - 副本 (2)\EngineProject0613\engine\mesh_model_lib_dll\model_dll\model_dll\Animation.h(167,21): warning C4018:  “<”: 有符号/无符号不匹配
C:\Users\Administrator\Desktop\EngineProject0709 - 副本 (2)\EngineProject0613\engine\mesh_model_lib_dll\model_dll\model_dll\Animation.h(240,42): warning C4244:  “=”: 从“float”转换到“int”，可能丢失数据
C:\Users\Administrator\Desktop\EngineProject0709 - 副本 (2)\EngineProject0613\engine\mesh_model_lib_dll\model_dll\model_dll\Animation.h(251,43): warning C4244:  “=”: 从“float”转换到“int”，可能丢失数据
C:\Users\Administrator\Desktop\EngineProject0709 - 副本 (2)\EngineProject0613\engine\mesh_model_lib_dll\model_dll\model_dll\analyse.h(78,22): warning C4018:  “<”: 有符号/无符号不匹配
C:\Users\Administrator\Desktop\EngineProject0709 - 副本 (2)\EngineProject0613\engine\mesh_model_lib_dll\model_dll\model_dll\analyse.h(82,22): warning C4018:  “<”: 有符号/无符号不匹配
C:\Users\Administrator\Desktop\EngineProject0709 - 副本 (2)\EngineProject0613\engine\mesh_model_lib_dll\model_dll\model_dll\camera.h(94,1): warning C4305:  “初始化”: 从“double”到“float”截断
C:\Users\Administrator\Desktop\EngineProject0709 - 副本 (2)\EngineProject0613\engine\mesh_model_lib_dll\model_dll\model_dll\camera.h(125,21): warning C4244:  “初始化”: 从“double”转换到“float”，可能丢失数据
C:\Users\Administrator\Desktop\EngineProject0709 - 副本 (2)\EngineProject0613\engine\mesh_model_lib_dll\model_dll\model_dll\camera.h(136,44): warning C4244:  “=”: 从“double”转换到“float”，可能丢失数据
C:\Users\Administrator\Desktop\EngineProject0709 - 副本 (2)\EngineProject0613\engine\mesh_model_lib_dll\model_dll\model_dll\camera.h(154,20): warning C4244:  “=”: 从“double”转换到“float”，可能丢失数据
  RayCast.cpp
C:\Users\Administrator\Desktop\EngineProject0709 - 副本 (2)\EngineProject0613\engine\mesh_model_lib_dll\model_dll\model_dll\model.cpp(231,9): warning C4101:  “vertices_round_box”: 未引用的局部变量
C:\Users\Administrator\Desktop\EngineProject0709 - 副本 (2)\EngineProject0613\engine\mesh_model_lib_dll\model_dll\model_dll\Msg.h(9,20): warning C4244:  “=”: 从“double”转换到“T”，可能丢失数据
C:\Users\Administrator\Desktop\EngineProject0709 - 副本 (2)\EngineProject0613\engine\mesh_model_lib_dll\model_dll\model_dll\Msg.h(9,20): warning C4244:         with
C:\Users\Administrator\Desktop\EngineProject0709 - 副本 (2)\EngineProject0613\engine\mesh_model_lib_dll\model_dll\model_dll\Msg.h(9,20): warning C4244:         [
C:\Users\Administrator\Desktop\EngineProject0709 - 副本 (2)\EngineProject0613\engine\mesh_model_lib_dll\model_dll\model_dll\Msg.h(9,20): warning C4244:             T=float
C:\Users\Administrator\Desktop\EngineProject0709 - 副本 (2)\EngineProject0613\engine\mesh_model_lib_dll\model_dll\model_dll\Msg.h(9,20): warning C4244:         ]
C:\Users\Administrator\Desktop\EngineProject0709 - 副本 (2)\EngineProject0613\engine\mesh_model_lib_dll\model_dll\model_dll\Msg.h(10,19): warning C4244:  “=”: 从“double”转换到“T”，可能丢失数据
C:\Users\Administrator\Desktop\EngineProject0709 - 副本 (2)\EngineProject0613\engine\mesh_model_lib_dll\model_dll\model_dll\Msg.h(10,19): warning C4244:         with
C:\Users\Administrator\Desktop\EngineProject0709 - 副本 (2)\EngineProject0613\engine\mesh_model_lib_dll\model_dll\model_dll\Msg.h(10,19): warning C4244:         [
C:\Users\Administrator\Desktop\EngineProject0709 - 副本 (2)\EngineProject0613\engine\mesh_model_lib_dll\model_dll\model_dll\Msg.h(10,19): warning C4244:             T=float
C:\Users\Administrator\Desktop\EngineProject0709 - 副本 (2)\EngineProject0613\engine\mesh_model_lib_dll\model_dll\model_dll\Msg.h(10,19): warning C4244:         ]
C:\Users\Administrator\Desktop\EngineProject0709 - 副本 (2)\EngineProject0613\engine\mesh_model_lib_dll\model_dll\model_dll\Engine.h(49,44): warning C4251:  “Engine::m_mouseclickmsg”: class“std::shared_ptr<MouseClickMsg>”需要有 dll 接口由 class“Engine”的客户端使用
C:\Users\Administrator\Desktop\EngineProject0709 - 副本 (2)\EngineProject0613\engine\mesh_model_lib_dll\model_dll\model_dll\Engine.h(14): message :  参见“std::shared_ptr<MouseClickMsg>”的声明
C:\Users\Administrator\Desktop\EngineProject0709 - 副本 (2)\EngineProject0613\engine\mesh_model_lib_dll\model_dll\model_dll\Engine.h(50,32): warning C4251:  “Engine::mouseclickmsg_list”: class“std::list<void *,std::allocator<_Ty>>”需要有 dll 接口由 class“Engine”的客户端使用
C:\Users\Administrator\Desktop\EngineProject0709 - 副本 (2)\EngineProject0613\engine\mesh_model_lib_dll\model_dll\model_dll\Engine.h(50,32): warning C4251:         with
C:\Users\Administrator\Desktop\EngineProject0709 - 副本 (2)\EngineProject0613\engine\mesh_model_lib_dll\model_dll\model_dll\Engine.h(50,32): warning C4251:         [
C:\Users\Administrator\Desktop\EngineProject0709 - 副本 (2)\EngineProject0613\engine\mesh_model_lib_dll\model_dll\model_dll\Engine.h(50,32): warning C4251:             _Ty=void *
C:\Users\Administrator\Desktop\EngineProject0709 - 副本 (2)\EngineProject0613\engine\mesh_model_lib_dll\model_dll\model_dll\Engine.h(50,32): warning C4251:         ]
C:\Users\Administrator\Desktop\EngineProject0709 - 副本 (2)\EngineProject0613\engine\mesh_model_lib_dll\model_dll\model_dll\Engine.h(50): message :  参见“std::list<void *,std::allocator<_Ty>>”的声明
C:\Users\Administrator\Desktop\EngineProject0709 - 副本 (2)\EngineProject0613\engine\mesh_model_lib_dll\model_dll\model_dll\Engine.h(50): message :         with
C:\Users\Administrator\Desktop\EngineProject0709 - 副本 (2)\EngineProject0613\engine\mesh_model_lib_dll\model_dll\model_dll\Engine.h(50): message :         [
C:\Users\Administrator\Desktop\EngineProject0709 - 副本 (2)\EngineProject0613\engine\mesh_model_lib_dll\model_dll\model_dll\Engine.h(50): message :             _Ty=void *
C:\Users\Administrator\Desktop\EngineProject0709 - 副本 (2)\EngineProject0613\engine\mesh_model_lib_dll\model_dll\model_dll\Engine.h(50): message :         ]
C:\Users\Administrator\Desktop\EngineProject0709 - 副本 (2)\EngineProject0613\engine\mesh_model_lib_dll\model_dll\model_dll\Engine.h(55,41): warning C4251:  “Engine::m_Mouse_CallBacks”: class“std::list<std::function<void (std::shared_ptr<MouseClickMsg>)>,std::allocator<_Ty>>”需要有 dll 接口由 class“Engine”的客户端使用
C:\Users\Administrator\Desktop\EngineProject0709 - 副本 (2)\EngineProject0613\engine\mesh_model_lib_dll\model_dll\model_dll\Engine.h(55,41): warning C4251:         with
C:\Users\Administrator\Desktop\EngineProject0709 - 副本 (2)\EngineProject0613\engine\mesh_model_lib_dll\model_dll\model_dll\Engine.h(55,41): warning C4251:         [
C:\Users\Administrator\Desktop\EngineProject0709 - 副本 (2)\EngineProject0613\engine\mesh_model_lib_dll\model_dll\model_dll\Engine.h(55,41): warning C4251:             _Ty=std::function<void (std::shared_ptr<MouseClickMsg>)>
C:\Users\Administrator\Desktop\EngineProject0709 - 副本 (2)\EngineProject0613\engine\mesh_model_lib_dll\model_dll\model_dll\Engine.h(55,41): warning C4251:         ]
  RenderPasses.cpp
C:\Users\Administrator\Desktop\EngineProject0709 - 副本 (2)\EngineProject0613\engine\mesh_model_lib_dll\model_dll\model_dll\Engine.h(44): message :  参见“std::list<std::function<void (std::shared_ptr<MouseClickMsg>)>,std::allocator<_Ty>>”的声明
C:\Users\Administrator\Desktop\EngineProject0709 - 副本 (2)\EngineProject0613\engine\mesh_model_lib_dll\model_dll\model_dll\Engine.h(44): message :         with
C:\Users\Administrator\Desktop\EngineProject0709 - 副本 (2)\EngineProject0613\engine\mesh_model_lib_dll\model_dll\model_dll\Engine.h(44): message :         [
C:\Users\Administrator\Desktop\EngineProject0709 - 副本 (2)\EngineProject0613\engine\mesh_model_lib_dll\model_dll\model_dll\Engine.h(44): message :             _Ty=std::function<void (std::shared_ptr<MouseClickMsg>)>
C:\Users\Administrator\Desktop\EngineProject0709 - 副本 (2)\EngineProject0613\engine\mesh_model_lib_dll\model_dll\model_dll\Engine.h(44): message :         ]
C:\Users\Administrator\Desktop\EngineProject0709 - 副本 (2)\EngineProject0613\engine\mesh_model_lib_dll\model_dll\model_dll\shader.h(201,18): warning C4018:  “<”: 有符号/无符号不匹配
C:\Users\Administrator\Desktop\EngineProject0709 - 副本 (2)\EngineProject0613\engine\mesh_model_lib_dll\model_dll\model_dll\shader.h(211,18): warning C4018:  “<”: 有符号/无符号不匹配
C:\Users\Administrator\Desktop\EngineProject0709 - 副本 (2)\EngineProject0613\engine\mesh_model_lib_dll\model_dll\model_dll\Msg.h(9,20): warning C4244:  “=”: 从“double”转换到“T”，可能丢失数据
C:\Users\Administrator\Desktop\EngineProject0709 - 副本 (2)\EngineProject0613\engine\mesh_model_lib_dll\model_dll\model_dll\Msg.h(9,20): warning C4244:         with
C:\Users\Administrator\Desktop\EngineProject0709 - 副本 (2)\EngineProject0613\engine\mesh_model_lib_dll\model_dll\model_dll\Msg.h(9,20): warning C4244:         [
C:\Users\Administrator\Desktop\EngineProject0709 - 副本 (2)\EngineProject0613\engine\mesh_model_lib_dll\model_dll\model_dll\Msg.h(9,20): warning C4244:             T=float
C:\Users\Administrator\Desktop\EngineProject0709 - 副本 (2)\EngineProject0613\engine\mesh_model_lib_dll\model_dll\model_dll\Msg.h(9,20): warning C4244:         ]
C:\Users\Administrator\Desktop\EngineProject0709 - 副本 (2)\EngineProject0613\engine\mesh_model_lib_dll\model_dll\model_dll\Msg.h(10,19): warning C4244:  “=”: 从“double”转换到“T”，可能丢失数据
C:\Users\Administrator\Desktop\EngineProject0709 - 副本 (2)\EngineProject0613\engine\mesh_model_lib_dll\model_dll\model_dll\Msg.h(10,19): warning C4244:         with
C:\Users\Administrator\Desktop\EngineProject0709 - 副本 (2)\EngineProject0613\engine\mesh_model_lib_dll\model_dll\model_dll\Msg.h(10,19): warning C4244:         [
C:\Users\Administrator\Desktop\EngineProject0709 - 副本 (2)\EngineProject0613\engine\mesh_model_lib_dll\model_dll\model_dll\Msg.h(10,19): warning C4244:             T=float
C:\Users\Administrator\Desktop\EngineProject0709 - 副本 (2)\EngineProject0613\engine\mesh_model_lib_dll\model_dll\model_dll\Msg.h(10,19): warning C4244:         ]
C:\Users\Administrator\Desktop\EngineProject0709 - 副本 (2)\EngineProject0613\engine\mesh_model_lib_dll\model_dll\model_dll\Engine.h(49,44): warning C4251:  “Engine::m_mouseclickmsg”: class“std::shared_ptr<MouseClickMsg>”需要有 dll 接口由 class“Engine”的客户端使用
C:\Users\Administrator\Desktop\EngineProject0709 - 副本 (2)\EngineProject0613\engine\mesh_model_lib_dll\model_dll\model_dll\Engine.h(14): message :  参见“std::shared_ptr<MouseClickMsg>”的声明
C:\Users\Administrator\Desktop\EngineProject0709 - 副本 (2)\EngineProject0613\engine\mesh_model_lib_dll\model_dll\model_dll\Engine.h(50,32): warning C4251:  “Engine::mouseclickmsg_list”: class“std::list<void *,std::allocator<_Ty>>”需要有 dll 接口由 class“Engine”的客户端使用
C:\Users\Administrator\Desktop\EngineProject0709 - 副本 (2)\EngineProject0613\engine\mesh_model_lib_dll\model_dll\model_dll\Engine.h(50,32): warning C4251:         with
C:\Users\Administrator\Desktop\EngineProject0709 - 副本 (2)\EngineProject0613\engine\mesh_model_lib_dll\model_dll\model_dll\Engine.h(50,32): warning C4251:         [
C:\Users\Administrator\Desktop\EngineProject0709 - 副本 (2)\EngineProject0613\engine\mesh_model_lib_dll\model_dll\model_dll\Engine.h(50,32): warning C4251:             _Ty=void *
C:\Users\Administrator\Desktop\EngineProject0709 - 副本 (2)\EngineProject0613\engine\mesh_model_lib_dll\model_dll\model_dll\Engine.h(50,32): warning C4251:         ]
C:\Users\Administrator\Desktop\EngineProject0709 - 副本 (2)\EngineProject0613\engine\mesh_model_lib_dll\model_dll\model_dll\Engine.h(50): message :  参见“std::list<void *,std::allocator<_Ty>>”的声明
C:\Users\Administrator\Desktop\EngineProject0709 - 副本 (2)\EngineProject0613\engine\mesh_model_lib_dll\model_dll\model_dll\Engine.h(50): message :         with
C:\Users\Administrator\Desktop\EngineProject0709 - 副本 (2)\EngineProject0613\engine\mesh_model_lib_dll\model_dll\model_dll\Engine.h(50): message :         [
C:\Users\Administrator\Desktop\EngineProject0709 - 副本 (2)\EngineProject0613\engine\mesh_model_lib_dll\model_dll\model_dll\Engine.h(50): message :             _Ty=void *
C:\Users\Administrator\Desktop\EngineProject0709 - 副本 (2)\EngineProject0613\engine\mesh_model_lib_dll\model_dll\model_dll\Engine.h(50): message :         ]
C:\Users\Administrator\Desktop\EngineProject0709 - 副本 (2)\EngineProject0613\engine\mesh_model_lib_dll\model_dll\model_dll\Engine.h(55,41): warning C4251:  “Engine::m_Mouse_CallBacks”: class“std::list<std::function<void (std::shared_ptr<MouseClickMsg>)>,std::allocator<_Ty>>”需要有 dll 接口由 class“Engine”的客户端使用
C:\Users\Administrator\Desktop\EngineProject0709 - 副本 (2)\EngineProject0613\engine\mesh_model_lib_dll\model_dll\model_dll\Engine.h(55,41): warning C4251:         with
C:\Users\Administrator\Desktop\EngineProject0709 - 副本 (2)\EngineProject0613\engine\mesh_model_lib_dll\model_dll\model_dll\Engine.h(55,41): warning C4251:         [
C:\Users\Administrator\Desktop\EngineProject0709 - 副本 (2)\EngineProject0613\engine\mesh_model_lib_dll\model_dll\model_dll\Engine.h(55,41): warning C4251:             _Ty=std::function<void (std::shared_ptr<MouseClickMsg>)>
C:\Users\Administrator\Desktop\EngineProject0709 - 副本 (2)\EngineProject0613\engine\mesh_model_lib_dll\model_dll\model_dll\Engine.h(55,41): warning C4251:         ]
  SenceManager.cpp
C:\Users\Administrator\Desktop\EngineProject0709 - 副本 (2)\EngineProject0613\engine\mesh_model_lib_dll\model_dll\model_dll\Engine.h(44): message :  参见“std::list<std::function<void (std::shared_ptr<MouseClickMsg>)>,std::allocator<_Ty>>”的声明
C:\Users\Administrator\Desktop\EngineProject0709 - 副本 (2)\EngineProject0613\engine\mesh_model_lib_dll\model_dll\model_dll\Engine.h(44): message :         with
C:\Users\Administrator\Desktop\EngineProject0709 - 副本 (2)\EngineProject0613\engine\mesh_model_lib_dll\model_dll\model_dll\Engine.h(44): message :         [
C:\Users\Administrator\Desktop\EngineProject0709 - 副本 (2)\EngineProject0613\engine\mesh_model_lib_dll\model_dll\model_dll\Engine.h(44): message :             _Ty=std::function<void (std::shared_ptr<MouseClickMsg>)>
C:\Users\Administrator\Desktop\EngineProject0709 - 副本 (2)\EngineProject0613\engine\mesh_model_lib_dll\model_dll\model_dll\Engine.h(44): message :         ]
C:\Users\Administrator\Desktop\EngineProject0709 - 副本 (2)\EngineProject0613\engine\mesh_model_lib_dll\model_dll\model_dll\camera.h(94,1): warning C4305:  “初始化”: 从“double”到“float”截断
C:\Users\Administrator\Desktop\EngineProject0709 - 副本 (2)\EngineProject0613\engine\mesh_model_lib_dll\model_dll\model_dll\camera.h(125,21): warning C4244:  “初始化”: 从“double”转换到“float”，可能丢失数据
C:\Users\Administrator\Desktop\EngineProject0709 - 副本 (2)\EngineProject0613\engine\mesh_model_lib_dll\model_dll\model_dll\camera.h(136,44): warning C4244:  “=”: 从“double”转换到“float”，可能丢失数据
C:\Users\Administrator\Desktop\EngineProject0709 - 副本 (2)\EngineProject0613\engine\mesh_model_lib_dll\model_dll\model_dll\camera.h(154,20): warning C4244:  “=”: 从“double”转换到“float”，可能丢失数据
C:\Users\Administrator\Desktop\EngineProject0709 - 副本 (2)\EngineProject0613\engine\mesh_model_lib_dll\model_dll\model_dll\Msg.h(9,20): warning C4244:  “=”: 从“double”转换到“T”，可能丢失数据
C:\Users\Administrator\Desktop\EngineProject0709 - 副本 (2)\EngineProject0613\engine\mesh_model_lib_dll\model_dll\model_dll\Msg.h(9,20): warning C4244:         with
C:\Users\Administrator\Desktop\EngineProject0709 - 副本 (2)\EngineProject0613\engine\mesh_model_lib_dll\model_dll\model_dll\Msg.h(9,20): warning C4244:         [
C:\Users\Administrator\Desktop\EngineProject0709 - 副本 (2)\EngineProject0613\engine\mesh_model_lib_dll\model_dll\model_dll\Msg.h(9,20): warning C4244:             T=float
C:\Users\Administrator\Desktop\EngineProject0709 - 副本 (2)\EngineProject0613\engine\mesh_model_lib_dll\model_dll\model_dll\Msg.h(9,20): warning C4244:         ]
C:\Users\Administrator\Desktop\EngineProject0709 - 副本 (2)\EngineProject0613\engine\mesh_model_lib_dll\model_dll\model_dll\Msg.h(10,19): warning C4244:  “=”: 从“double”转换到“T”，可能丢失数据
C:\Users\Administrator\Desktop\EngineProject0709 - 副本 (2)\EngineProject0613\engine\mesh_model_lib_dll\model_dll\model_dll\Msg.h(10,19): warning C4244:         with
C:\Users\Administrator\Desktop\EngineProject0709 - 副本 (2)\EngineProject0613\engine\mesh_model_lib_dll\model_dll\model_dll\Msg.h(10,19): warning C4244:         [
C:\Users\Administrator\Desktop\EngineProject0709 - 副本 (2)\EngineProject0613\engine\mesh_model_lib_dll\model_dll\model_dll\Msg.h(10,19): warning C4244:             T=float
C:\Users\Administrator\Desktop\EngineProject0709 - 副本 (2)\EngineProject0613\engine\mesh_model_lib_dll\model_dll\model_dll\Msg.h(10,19): warning C4244:         ]
C:\Users\Administrator\Desktop\EngineProject0709 - 副本 (2)\EngineProject0613\engine\mesh_model_lib_dll\model_dll\model_dll\Engine.h(49,44): warning C4251:  “Engine::m_mouseclickmsg”: class“std::shared_ptr<MouseClickMsg>”需要有 dll 接口由 class“Engine”的客户端使用
C:\Users\Administrator\Desktop\EngineProject0709 - 副本 (2)\EngineProject0613\engine\mesh_model_lib_dll\model_dll\model_dll\Engine.h(14): message :  参见“std::shared_ptr<MouseClickMsg>”的声明
C:\Users\Administrator\Desktop\EngineProject0709 - 副本 (2)\EngineProject0613\engine\mesh_model_lib_dll\model_dll\model_dll\Engine.h(50,32): warning C4251:  “Engine::mouseclickmsg_list”: class“std::list<void *,std::allocator<_Ty>>”需要有 dll 接口由 class“Engine”的客户端使用
C:\Users\Administrator\Desktop\EngineProject0709 - 副本 (2)\EngineProject0613\engine\mesh_model_lib_dll\model_dll\model_dll\Engine.h(50,32): warning C4251:         with
C:\Users\Administrator\Desktop\EngineProject0709 - 副本 (2)\EngineProject0613\engine\mesh_model_lib_dll\model_dll\model_dll\Engine.h(50,32): warning C4251:         [
C:\Users\Administrator\Desktop\EngineProject0709 - 副本 (2)\EngineProject0613\engine\mesh_model_lib_dll\model_dll\model_dll\Engine.h(50,32): warning C4251:             _Ty=void *
C:\Users\Administrator\Desktop\EngineProject0709 - 副本 (2)\EngineProject0613\engine\mesh_model_lib_dll\model_dll\model_dll\Engine.h(50,32): warning C4251:         ]
C:\Users\Administrator\Desktop\EngineProject0709 - 副本 (2)\EngineProject0613\engine\mesh_model_lib_dll\model_dll\model_dll\Engine.h(50): message :  参见“std::list<void *,std::allocator<_Ty>>”的声明
C:\Users\Administrator\Desktop\EngineProject0709 - 副本 (2)\EngineProject0613\engine\mesh_model_lib_dll\model_dll\model_dll\Engine.h(50): message :         with
C:\Users\Administrator\Desktop\EngineProject0709 - 副本 (2)\EngineProject0613\engine\mesh_model_lib_dll\model_dll\model_dll\Engine.h(50): message :         [
C:\Users\Administrator\Desktop\EngineProject0709 - 副本 (2)\EngineProject0613\engine\mesh_model_lib_dll\model_dll\model_dll\Engine.h(50): message :             _Ty=void *
C:\Users\Administrator\Desktop\EngineProject0709 - 副本 (2)\EngineProject0613\engine\mesh_model_lib_dll\model_dll\model_dll\Engine.h(50): message :         ]
C:\Users\Administrator\Desktop\EngineProject0709 - 副本 (2)\EngineProject0613\engine\mesh_model_lib_dll\model_dll\model_dll\Engine.h(55,41): warning C4251:  “Engine::m_Mouse_CallBacks”: class“std::list<std::function<void (std::shared_ptr<MouseClickMsg>)>,std::allocator<_Ty>>”需要有 dll 接口由 class“Engine”的客户端使用
C:\Users\Administrator\Desktop\EngineProject0709 - 副本 (2)\EngineProject0613\engine\mesh_model_lib_dll\model_dll\model_dll\Engine.h(55,41): warning C4251:         with
C:\Users\Administrator\Desktop\EngineProject0709 - 副本 (2)\EngineProject0613\engine\mesh_model_lib_dll\model_dll\model_dll\Engine.h(55,41): warning C4251:         [
C:\Users\Administrator\Desktop\EngineProject0709 - 副本 (2)\EngineProject0613\engine\mesh_model_lib_dll\model_dll\model_dll\Engine.h(55,41): warning C4251:             _Ty=std::function<void (std::shared_ptr<MouseClickMsg>)>
C:\Users\Administrator\Desktop\EngineProject0709 - 副本 (2)\EngineProject0613\engine\mesh_model_lib_dll\model_dll\model_dll\Engine.h(55,41): warning C4251:         ]
C:\Users\Administrator\Desktop\EngineProject0709 - 副本 (2)\EngineProject0613\engine\mesh_model_lib_dll\model_dll\model_dll\Engine.h(44): message :  参见“std::list<std::function<void (std::shared_ptr<MouseClickMsg>)>,std::allocator<_Ty>>”的声明
C:\Users\Administrator\Desktop\EngineProject0709 - 副本 (2)\EngineProject0613\engine\mesh_model_lib_dll\model_dll\model_dll\Engine.h(44): message :         with
C:\Users\Administrator\Desktop\EngineProject0709 - 副本 (2)\EngineProject0613\engine\mesh_model_lib_dll\model_dll\model_dll\Engine.h(44): message :         [
C:\Users\Administrator\Desktop\EngineProject0709 - 副本 (2)\EngineProject0613\engine\mesh_model_lib_dll\model_dll\model_dll\Engine.h(44): message :             _Ty=std::function<void (std::shared_ptr<MouseClickMsg>)>
C:\Users\Administrator\Desktop\EngineProject0709 - 副本 (2)\EngineProject0613\engine\mesh_model_lib_dll\model_dll\model_dll\Engine.h(44): message :         ]
C:\Users\Administrator\Desktop\EngineProject0709 - 副本 (2)\EngineProject0613\engine\mesh_model_lib_dll\model_dll\model_dll\shader.h(201,18): warning C4018:  “<”: 有符号/无符号不匹配
C:\Users\Administrator\Desktop\EngineProject0709 - 副本 (2)\EngineProject0613\engine\mesh_model_lib_dll\model_dll\model_dll\shader.h(211,18): warning C4018:  “<”: 有符号/无符号不匹配
C:\Users\Administrator\Desktop\EngineProject0709 - 副本 (2)\EngineProject0613\engine\mesh_model_lib_dll\model_dll\model_dll\Animation.h(85,42): warning C4244:  “=”: 从“float”转换到“int”，可能丢失数据
C:\Users\Administrator\Desktop\EngineProject0709 - 副本 (2)\EngineProject0613\engine\mesh_model_lib_dll\model_dll\model_dll\Animation.h(96,43): warning C4244:  “=”: 从“float”转换到“int”，可能丢失数据
C:\Users\Administrator\Desktop\EngineProject0709 - 副本 (2)\EngineProject0613\engine\mesh_model_lib_dll\model_dll\model_dll\Animation.h(167,21): warning C4018:  “<”: 有符号/无符号不匹配
C:\Users\Administrator\Desktop\EngineProject0709 - 副本 (2)\EngineProject0613\engine\mesh_model_lib_dll\model_dll\model_dll\Animation.h(240,42): warning C4244:  “=”: 从“float”转换到“int”，可能丢失数据
C:\Users\Administrator\Desktop\EngineProject0709 - 副本 (2)\EngineProject0613\engine\mesh_model_lib_dll\model_dll\model_dll\Animation.h(251,43): warning C4244:  “=”: 从“float”转换到“int”，可能丢失数据
C:\Users\Administrator\Desktop\EngineProject0709 - 副本 (2)\EngineProject0613\engine\mesh_model_lib_dll\model_dll\model_dll\analyse.h(78,22): warning C4018:  “<”: 有符号/无符号不匹配
C:\Users\Administrator\Desktop\EngineProject0709 - 副本 (2)\EngineProject0613\engine\mesh_model_lib_dll\model_dll\model_dll\analyse.h(82,22): warning C4018:  “<”: 有符号/无符号不匹配
C:\Users\Administrator\Desktop\EngineProject0709 - 副本 (2)\EngineProject0613\engine\mesh_model_lib_dll\model_dll\model_dll\SenceManager.cpp(176,59): warning C4244:  “参数”: 从“T”转换到“int”，可能丢失数据
C:\Users\Administrator\Desktop\EngineProject0709 - 副本 (2)\EngineProject0613\engine\mesh_model_lib_dll\model_dll\model_dll\SenceManager.cpp(176,59): warning C4244:         with
C:\Users\Administrator\Desktop\EngineProject0709 - 副本 (2)\EngineProject0613\engine\mesh_model_lib_dll\model_dll\model_dll\SenceManager.cpp(176,59): warning C4244:         [
C:\Users\Administrator\Desktop\EngineProject0709 - 副本 (2)\EngineProject0613\engine\mesh_model_lib_dll\model_dll\model_dll\SenceManager.cpp(176,59): warning C4244:             T=float
C:\Users\Administrator\Desktop\EngineProject0709 - 副本 (2)\EngineProject0613\engine\mesh_model_lib_dll\model_dll\model_dll\SenceManager.cpp(176,59): warning C4244:         ]
  skybox.cpp
C:\Users\Administrator\Desktop\EngineProject0709 - 副本 (2)\EngineProject0613\engine\mesh_model_lib_dll\model_dll\model_dll\SenceManager.cpp(176,29): warning C4244:  “参数”: 从“T”转换到“int”，可能丢失数据
C:\Users\Administrator\Desktop\EngineProject0709 - 副本 (2)\EngineProject0613\engine\mesh_model_lib_dll\model_dll\model_dll\SenceManager.cpp(176,29): warning C4244:         with
C:\Users\Administrator\Desktop\EngineProject0709 - 副本 (2)\EngineProject0613\engine\mesh_model_lib_dll\model_dll\model_dll\SenceManager.cpp(176,29): warning C4244:         [
C:\Users\Administrator\Desktop\EngineProject0709 - 副本 (2)\EngineProject0613\engine\mesh_model_lib_dll\model_dll\model_dll\SenceManager.cpp(176,29): warning C4244:             T=float
C:\Users\Administrator\Desktop\EngineProject0709 - 副本 (2)\EngineProject0613\engine\mesh_model_lib_dll\model_dll\model_dll\SenceManager.cpp(176,29): warning C4244:         ]
C:\Users\Administrator\Desktop\EngineProject0709 - 副本 (2)\EngineProject0613\engine\mesh_model_lib_dll\model_dll\model_dll\Msg.h(9,20): warning C4244:  “=”: 从“double”转换到“T”，可能丢失数据
C:\Users\Administrator\Desktop\EngineProject0709 - 副本 (2)\EngineProject0613\engine\mesh_model_lib_dll\model_dll\model_dll\Msg.h(9,20): warning C4244:         with
C:\Users\Administrator\Desktop\EngineProject0709 - 副本 (2)\EngineProject0613\engine\mesh_model_lib_dll\model_dll\model_dll\Msg.h(9,20): warning C4244:         [
C:\Users\Administrator\Desktop\EngineProject0709 - 副本 (2)\EngineProject0613\engine\mesh_model_lib_dll\model_dll\model_dll\Msg.h(9,20): warning C4244:             T=float
C:\Users\Administrator\Desktop\EngineProject0709 - 副本 (2)\EngineProject0613\engine\mesh_model_lib_dll\model_dll\model_dll\Msg.h(9,20): warning C4244:         ]
C:\Users\Administrator\Desktop\EngineProject0709 - 副本 (2)\EngineProject0613\engine\mesh_model_lib_dll\model_dll\model_dll\Msg.h(10,19): warning C4244:  “=”: 从“double”转换到“T”，可能丢失数据
C:\Users\Administrator\Desktop\EngineProject0709 - 副本 (2)\EngineProject0613\engine\mesh_model_lib_dll\model_dll\model_dll\Msg.h(10,19): warning C4244:         with
C:\Users\Administrator\Desktop\EngineProject0709 - 副本 (2)\EngineProject0613\engine\mesh_model_lib_dll\model_dll\model_dll\Msg.h(10,19): warning C4244:         [
C:\Users\Administrator\Desktop\EngineProject0709 - 副本 (2)\EngineProject0613\engine\mesh_model_lib_dll\model_dll\model_dll\Msg.h(10,19): warning C4244:             T=float
C:\Users\Administrator\Desktop\EngineProject0709 - 副本 (2)\EngineProject0613\engine\mesh_model_lib_dll\model_dll\model_dll\Msg.h(10,19): warning C4244:         ]
C:\Users\Administrator\Desktop\EngineProject0709 - 副本 (2)\EngineProject0613\engine\mesh_model_lib_dll\model_dll\model_dll\Engine.h(49,44): warning C4251:  “Engine::m_mouseclickmsg”: class“std::shared_ptr<MouseClickMsg>”需要有 dll 接口由 class“Engine”的客户端使用
C:\Users\Administrator\Desktop\EngineProject0709 - 副本 (2)\EngineProject0613\engine\mesh_model_lib_dll\model_dll\model_dll\Engine.h(14): message :  参见“std::shared_ptr<MouseClickMsg>”的声明
C:\Users\Administrator\Desktop\EngineProject0709 - 副本 (2)\EngineProject0613\engine\mesh_model_lib_dll\model_dll\model_dll\Engine.h(50,32): warning C4251:  “Engine::mouseclickmsg_list”: class“std::list<void *,std::allocator<_Ty>>”需要有 dll 接口由 class“Engine”的客户端使用
C:\Users\Administrator\Desktop\EngineProject0709 - 副本 (2)\EngineProject0613\engine\mesh_model_lib_dll\model_dll\model_dll\Engine.h(50,32): warning C4251:         with
C:\Users\Administrator\Desktop\EngineProject0709 - 副本 (2)\EngineProject0613\engine\mesh_model_lib_dll\model_dll\model_dll\Engine.h(50,32): warning C4251:         [
C:\Users\Administrator\Desktop\EngineProject0709 - 副本 (2)\EngineProject0613\engine\mesh_model_lib_dll\model_dll\model_dll\Engine.h(50,32): warning C4251:             _Ty=void *
C:\Users\Administrator\Desktop\EngineProject0709 - 副本 (2)\EngineProject0613\engine\mesh_model_lib_dll\model_dll\model_dll\Engine.h(50,32): warning C4251:         ]
C:\Users\Administrator\Desktop\EngineProject0709 - 副本 (2)\EngineProject0613\engine\mesh_model_lib_dll\model_dll\model_dll\Engine.h(50): message :  参见“std::list<void *,std::allocator<_Ty>>”的声明
C:\Users\Administrator\Desktop\EngineProject0709 - 副本 (2)\EngineProject0613\engine\mesh_model_lib_dll\model_dll\model_dll\Engine.h(50): message :         with
C:\Users\Administrator\Desktop\EngineProject0709 - 副本 (2)\EngineProject0613\engine\mesh_model_lib_dll\model_dll\model_dll\Engine.h(50): message :         [
C:\Users\Administrator\Desktop\EngineProject0709 - 副本 (2)\EngineProject0613\engine\mesh_model_lib_dll\model_dll\model_dll\Engine.h(50): message :             _Ty=void *
C:\Users\Administrator\Desktop\EngineProject0709 - 副本 (2)\EngineProject0613\engine\mesh_model_lib_dll\model_dll\model_dll\Engine.h(50): message :         ]
C:\Users\Administrator\Desktop\EngineProject0709 - 副本 (2)\EngineProject0613\engine\mesh_model_lib_dll\model_dll\model_dll\Engine.h(55,41): warning C4251:  “Engine::m_Mouse_CallBacks”: class“std::list<std::function<void (std::shared_ptr<MouseClickMsg>)>,std::allocator<_Ty>>”需要有 dll 接口由 class“Engine”的客户端使用
C:\Users\Administrator\Desktop\EngineProject0709 - 副本 (2)\EngineProject0613\engine\mesh_model_lib_dll\model_dll\model_dll\Engine.h(55,41): warning C4251:         with
C:\Users\Administrator\Desktop\EngineProject0709 - 副本 (2)\EngineProject0613\engine\mesh_model_lib_dll\model_dll\model_dll\Engine.h(55,41): warning C4251:         [
C:\Users\Administrator\Desktop\EngineProject0709 - 副本 (2)\EngineProject0613\engine\mesh_model_lib_dll\model_dll\model_dll\Engine.h(55,41): warning C4251:             _Ty=std::function<void (std::shared_ptr<MouseClickMsg>)>
C:\Users\Administrator\Desktop\EngineProject0709 - 副本 (2)\EngineProject0613\engine\mesh_model_lib_dll\model_dll\model_dll\Engine.h(55,41): warning C4251:         ]
C:\Users\Administrator\Desktop\EngineProject0709 - 副本 (2)\EngineProject0613\engine\mesh_model_lib_dll\model_dll\model_dll\Engine.h(44): message :  参见“std::list<std::function<void (std::shared_ptr<MouseClickMsg>)>,std::allocator<_Ty>>”的声明
C:\Users\Administrator\Desktop\EngineProject0709 - 副本 (2)\EngineProject0613\engine\mesh_model_lib_dll\model_dll\model_dll\Engine.h(44): message :         with
C:\Users\Administrator\Desktop\EngineProject0709 - 副本 (2)\EngineProject0613\engine\mesh_model_lib_dll\model_dll\model_dll\Engine.h(44): message :         [
C:\Users\Administrator\Desktop\EngineProject0709 - 副本 (2)\EngineProject0613\engine\mesh_model_lib_dll\model_dll\model_dll\Engine.h(44): message :             _Ty=std::function<void (std::shared_ptr<MouseClickMsg>)>
C:\Users\Administrator\Desktop\EngineProject0709 - 副本 (2)\EngineProject0613\engine\mesh_model_lib_dll\model_dll\model_dll\Engine.h(44): message :         ]
C:\Users\Administrator\Desktop\EngineProject0709 - 副本 (2)\EngineProject0613\engine\mesh_model_lib_dll\model_dll\model_dll\shader.h(201,18): warning C4018:  “<”: 有符号/无符号不匹配
C:\Users\Administrator\Desktop\EngineProject0709 - 副本 (2)\EngineProject0613\engine\mesh_model_lib_dll\model_dll\model_dll\shader.h(211,18): warning C4018:  “<”: 有符号/无符号不匹配
C:\Users\Administrator\Desktop\EngineProject0709 - 副本 (2)\EngineProject0613\engine\mesh_model_lib_dll\model_dll\model_dll\camera.h(94,1): warning C4305:  “初始化”: 从“double”到“float”截断
C:\Users\Administrator\Desktop\EngineProject0709 - 副本 (2)\EngineProject0613\engine\mesh_model_lib_dll\model_dll\model_dll\camera.h(125,21): warning C4244:  “初始化”: 从“double”转换到“float”，可能丢失数据
C:\Users\Administrator\Desktop\EngineProject0709 - 副本 (2)\EngineProject0613\engine\mesh_model_lib_dll\model_dll\model_dll\camera.h(136,44): warning C4244:  “=”: 从“double”转换到“float”，可能丢失数据
  util.cpp
C:\Users\Administrator\Desktop\EngineProject0709 - 副本 (2)\EngineProject0613\engine\mesh_model_lib_dll\model_dll\model_dll\camera.h(154,20): warning C4244:  “=”: 从“double”转换到“float”，可能丢失数据
    正在创建库 C:\Users\Administrator\Desktop\EngineProject0709 - 副本 (2)\EngineProject0613\engine\es_windows\Release\model_dll.lib 和对象 C:\Users\Administrator\Desktop\EngineProject0709 - 副本 (2)\EngineProject0613\engine\es_windows\Release\model_dll.exp
LINK : warning LNK4098: 默认库“MSVCRTD”与其他库的使用冲突；请使用 /NODEFAULTLIB:library
  正在生成代码
  Previous IPDB not found, fall back to full compilation.
  All 2174 functions were compiled because no usable IPDB/IOBJ from previous compilation was found.
  已完成代码的生成
STB_IMAGE.lib(stb_image.obj) : warning LNK4099: 未找到 PDB“STB_IMAGE.pdb”(使用“STB_IMAGE.lib(stb_image.obj)”或在“C:\Users\Administrator\Desktop\EngineProject0709 - 副本 (2)\EngineProject0613\engine\es_windows\Release\STB_IMAGE.pdb”中寻找)；正在链接对象，如同没有调试信息一样
  model_dll.vcxproj -> C:\Users\Administrator\Desktop\EngineProject0709 - 副本 (2)\EngineProject0613\engine\es_windows\Release\model_dll.dll
